<?xml version="1.0" encoding="UTF-8"?>
<testng-results skipped="0" failed="0" ignored="0" total="1" passed="1">
  <reporter-output>
  </reporter-output>
  <suite name="Default suite" duration-ms="2107" started-at="2022-02-02T06:08:13Z" finished-at="2022-02-02T06:08:15Z">
    <groups>
    </groups>
    <test name="Default test" duration-ms="2107" started-at="2022-02-02T06:08:13Z" finished-at="2022-02-02T06:08:15Z">
      <class name="testCases.Reading_All_Products">
        <test-method status="PASS" signature="read_products()[pri:0, instance:testCases.Reading_All_Products@78aab498]" name="read_products" duration-ms="2079" started-at="2022-02-02T06:08:13Z" finished-at="2022-02-02T06:08:15Z">
          <reporter-output>
          </reporter-output>
        </test-method> <!-- read_products -->
      </class> <!-- testCases.Reading_All_Products -->
    </test> <!-- Default test -->
  </suite> <!-- Default suite -->
</testng-results>
